[2019-01-16 12:06:41.615] [renderer1] [info] no standard startup: not the explorer viewlet
[2019-01-16 12:07:15.019] [renderer1] [info] no standard startup: not just one text editor
[2019-01-16 12:17:25.217] [renderer1] [error] An unknown error occurred. Please consult the log for more details.
[2019-01-16 12:17:26.303] [renderer1] [error] Error processing request. Debug Failure. Did not expect JsxSelfClosingElement to have an Identifier in its trivia
Error: Debug Failure. Did not expect JsxSelfClosingElement to have an Identifier in its trivia
    at addSyntheticNodes (/snap/vscode/74/usr/share/code/resources/app/extensions/node_modules/typescript/lib/tsserver.js:116455:30)
    at createChildren (/snap/vscode/74/usr/share/code/resources/app/extensions/node_modules/typescript/lib/tsserver.js:116444:9)
    at NodeObject.getChildren (/snap/vscode/74/usr/share/code/resources/app/extensions/node_modules/typescript/lib/tsserver.js:116388:56)
    at find (/snap/vscode/74/usr/share/code/resources/app/extensions/node_modules/typescript/lib/tsserver.js:93184:30)
    at find (/snap/vscode/74/usr/share/code/resources/app/extensions/node_modules/typescript/lib/tsserver.js:93204:32)
    at find (/snap/vscode/74/usr/share/code/resources/app/extensions/node_modules/typescript/lib/tsserver.js:93204:32)
    at find (/snap/vscode/74/usr/share/code/resources/app/extensions/node_modules/typescript/lib/tsserver.js:93204:32)
    at find (/snap/vscode/74/usr/share/code/resources/app/extensions/node_modules/typescript/lib/tsserver.js:93204:32)
    at find (/snap/vscode/74/usr/share/code/resources/app/extensions/node_modules/typescript/lib/tsserver.js:93204:32)
    at find (/snap/vscode/74/usr/share/code/resources/app/extensions/node_modules/typescript/lib/tsserver.js:93204:32)
    at find (/snap/vscode/74/usr/share/code/resources/app/extensions/node_modules/typescript/lib/tsserver.js:93204:32)
    at find (/snap/vscode/74/usr/share/code/resources/app/extensions/node_modules/typescript/lib/tsserver.js:93204:32)
    at find (/snap/vscode/74/usr/share/code/resources/app/extensions/node_modules/typescript/lib/tsserver.js:93204:32)
    at find (/snap/vscode/74/usr/share/code/resources/app/extensions/node_modules/typescript/lib/tsserver.js:93204:32)
    at find (/snap/vscode/74/usr/share/code/resources/app/extensions/node_modules/typescript/lib/tsserver.js:93204:32)
    at Object.findPrecedingToken (/snap/vscode/74/usr/share/code/resources/app/extensions/node_modules/typescript/lib/tsserver.js:93177:22)
    at Object.getJsxClosingTagAtPosition (/snap/vscode/74/usr/share/code/resources/app/extensions/node_modules/typescript/lib/tsserver.js:117821:28)
    at IOSession.Session.getJsxClosingTag (/snap/vscode/74/usr/share/code/resources/app/extensions/node_modules/typescript/lib/tsserver.js:124995:56)
    at Session.handlers.ts.createMapFromTemplate._a.(anonymous function) (/snap/vscode/74/usr/share/code/resources/app/extensions/node_modules/typescript/lib/tsserver.js:124458:61)
    at /snap/vscode/74/usr/share/code/resources/app/extensions/node_modules/typescript/lib/tsserver.js:125824:88
    at IOSession.Session.executeWithRequestId (/snap/vscode/74/usr/share/code/resources/app/extensions/node_modules/typescript/lib/tsserver.js:125815:28)
    at IOSession.Session.executeCommand (/snap/vscode/74/usr/share/code/resources/app/extensions/node_modules/typescript/lib/tsserver.js:125824:33)
    at IOSession.Session.onMessage (/snap/vscode/74/usr/share/code/resources/app/extensions/node_modules/typescript/lib/tsserver.js:125846:35)
    at Interface.<anonymous> (/snap/vscode/74/usr/share/code/resources/app/extensions/node_modules/typescript/lib/tsserver.js:127106:27)
    at emitOne (events.js:116:13)
    at Interface.emit (events.js:211:7)
    at Interface._onLine (readline.js:282:10)
    at Interface._normalWrite (readline.js:424:12)
    at Socket.ondata (readline.js:141:10)
    at emitOne (events.js:116:13)
    at Socket.emit (events.js:211:7)
    at addChunk (_stream_readable.js:263:12)
    at readableAddChunk (_stream_readable.js:250:11)
    at Socket.Readable.push (_stream_readable.js:208:10)
    at Pipe.onread (net.js:594:20)
[2019-01-16 17:53:37.916] [renderer1] [error] Inotify limit reached (ENOSPC)
[2019-01-16 17:54:12.959] [renderer1] [error] An unknown error occurred. Please consult the log for more details.
[2019-01-16 17:59:29.670] [renderer1] [error] An unknown error occurred. Please consult the log for more details.
