[Info  - 12:07:20] Using tsserver from: /snap/vscode/74/usr/share/code/resources/app/extensions/node_modules/typescript/lib
[Info  - 12:07:20] Forking TSServer
[Info  - 12:07:20] Started TSServer
[Error  - 12:17:25] 'completionInfo' request failed with error.
Error processing request. Debug Failure. Did not expect JsxSelfClosingElement to have an Identifier in its trivia
Error: Debug Failure. Did not expect JsxSelfClosingElement to have an Identifier in its trivia
    at addSyntheticNodes (/snap/vscode/74/usr/share/code/resources/app/extensions/node_modules/typescript/lib/tsserver.js:116455:30)
    at createChildren (/snap/vscode/74/usr/share/code/resources/app/extensions/node_modules/typescript/lib/tsserver.js:116444:9)
    at NodeObject.getChildren (/snap/vscode/74/usr/share/code/resources/app/extensions/node_modules/typescript/lib/tsserver.js:116388:56)
    at find (/snap/vscode/74/usr/share/code/resources/app/extensions/node_modules/typescript/lib/tsserver.js:93184:30)
    at find (/snap/vscode/74/usr/share/code/resources/app/extensions/node_modules/typescript/lib/tsserver.js:93204:32)
    at find (/snap/vscode/74/usr/share/code/resources/app/extensions/node_modules/typescript/lib/tsserver.js:93204:32)
    at find (/snap/vscode/74/usr/share/code/resources/app/extensions/node_modules/typescript/lib/tsserver.js:93204:32)
    at find (/snap/vscode/74/usr/share/code/resources/app/extensions/node_modules/typescript/lib/tsserver.js:93204:32)
    at find (/snap/vscode/74/usr/share/code/resources/app/extensions/node_modules/typescript/lib/tsserver.js:93204:32)
    at find (/snap/vscode/74/usr/share/code/resources/app/extensions/node_modules/typescript/lib/tsserver.js:93204:32)
    at find (/snap/vscode/74/usr/share/code/resources/app/extensions/node_modules/typescript/lib/tsserver.js:93204:32)
    at find (/snap/vscode/74/usr/share/code/resources/app/extensions/node_modules/typescript/lib/tsserver.js:93204:32)
    at find (/snap/vscode/74/usr/share/code/resources/app/extensions/node_modules/typescript/lib/tsserver.js:93204:32)
    at find (/snap/vscode/74/usr/share/code/resources/app/extensions/node_modules/typescript/lib/tsserver.js:93204:32)
    at find (/snap/vscode/74/usr/share/code/resources/app/extensions/node_modules/typescript/lib/tsserver.js:93204:32)
    at Object.findPrecedingToken (/snap/vscode/74/usr/share/code/resources/app/extensions/node_modules/typescript/lib/tsserver.js:93177:22)
    at Object.getCompletionsAtPosition (/snap/vscode/74/usr/share/code/resources/app/extensions/node_modules/typescript/lib/tsserver.js:95887:35)
    at Object.getCompletionsAtPosition (/snap/vscode/74/usr/share/code/resources/app/extensions/node_modules/typescript/lib/tsserver.js:117432:35)
    at IOSession.Session.getCompletions (/snap/vscode/74/usr/share/code/resources/app/extensions/node_modules/typescript/lib/tsserver.js:125333:64)
    at Session.handlers.ts.createMapFromTemplate._a.(anonymous function) (/snap/vscode/74/usr/share/code/resources/app/extensions/node_modules/typescript/lib/tsserver.js:124337:61)
    at /snap/vscode/74/usr/share/code/resources/app/extensions/node_modules/typescript/lib/tsserver.js:125824:88
    at IOSession.Session.executeWithRequestId (/snap/vscode/74/usr/share/code/resources/app/extensions/node_modules/typescript/lib/tsserver.js:125815:28)
    at IOSession.Session.executeCommand (/snap/vscode/74/usr/share/code/resources/app/extensions/node_modules/typescript/lib/tsserver.js:125824:33)
    at IOSession.Session.onMessage (/snap/vscode/74/usr/share/code/resources/app/extensions/node_modules/typescript/lib/tsserver.js:125846:35)
    at Interface.<anonymous> (/snap/vscode/74/usr/share/code/resources/app/extensions/node_modules/typescript/lib/tsserver.js:127106:27)
    at emitOne (events.js:116:13)
    at Interface.emit (events.js:211:7)
    at Interface._onLine (readline.js:282:10)
    at Interface._normalWrite (readline.js:424:12)
    at Socket.ondata (readline.js:141:10)
    at emitOne (events.js:116:13)
    at Socket.emit (events.js:211:7)
    at addChunk (_stream_readable.js:263:12)
    at readableAddChunk (_stream_readable.js:250:11)
    at Socket.Readable.push (_stream_readable.js:208:10)
    at Pipe.onread (net.js:594:20)
[Error  - 12:17:25] 'jsxClosingTag' request failed with error.
Error processing request. Debug Failure. Did not expect JsxSelfClosingElement to have an Identifier in its trivia
Error: Debug Failure. Did not expect JsxSelfClosingElement to have an Identifier in its trivia
    at addSyntheticNodes (/snap/vscode/74/usr/share/code/resources/app/extensions/node_modules/typescript/lib/tsserver.js:116455:30)
    at createChildren (/snap/vscode/74/usr/share/code/resources/app/extensions/node_modules/typescript/lib/tsserver.js:116444:9)
    at NodeObject.getChildren (/snap/vscode/74/usr/share/code/resources/app/extensions/node_modules/typescript/lib/tsserver.js:116388:56)
    at find (/snap/vscode/74/usr/share/code/resources/app/extensions/node_modules/typescript/lib/tsserver.js:93184:30)
    at find (/snap/vscode/74/usr/share/code/resources/app/extensions/node_modules/typescript/lib/tsserver.js:93204:32)
    at find (/snap/vscode/74/usr/share/code/resources/app/extensions/node_modules/typescript/lib/tsserver.js:93204:32)
    at find (/snap/vscode/74/usr/share/code/resources/app/extensions/node_modules/typescript/lib/tsserver.js:93204:32)
    at find (/snap/vscode/74/usr/share/code/resources/app/extensions/node_modules/typescript/lib/tsserver.js:93204:32)
    at find (/snap/vscode/74/usr/share/code/resources/app/extensions/node_modules/typescript/lib/tsserver.js:93204:32)
    at find (/snap/vscode/74/usr/share/code/resources/app/extensions/node_modules/typescript/lib/tsserver.js:93204:32)
    at find (/snap/vscode/74/usr/share/code/resources/app/extensions/node_modules/typescript/lib/tsserver.js:93204:32)
    at find (/snap/vscode/74/usr/share/code/resources/app/extensions/node_modules/typescript/lib/tsserver.js:93204:32)
    at find (/snap/vscode/74/usr/share/code/resources/app/extensions/node_modules/typescript/lib/tsserver.js:93204:32)
    at find (/snap/vscode/74/usr/share/code/resources/app/extensions/node_modules/typescript/lib/tsserver.js:93204:32)
    at find (/snap/vscode/74/usr/share/code/resources/app/extensions/node_modules/typescript/lib/tsserver.js:93204:32)
    at Object.findPrecedingToken (/snap/vscode/74/usr/share/code/resources/app/extensions/node_modules/typescript/lib/tsserver.js:93177:22)
    at Object.getJsxClosingTagAtPosition (/snap/vscode/74/usr/share/code/resources/app/extensions/node_modules/typescript/lib/tsserver.js:117821:28)
    at IOSession.Session.getJsxClosingTag (/snap/vscode/74/usr/share/code/resources/app/extensions/node_modules/typescript/lib/tsserver.js:124995:56)
    at Session.handlers.ts.createMapFromTemplate._a.(anonymous function) (/snap/vscode/74/usr/share/code/resources/app/extensions/node_modules/typescript/lib/tsserver.js:124458:61)
    at /snap/vscode/74/usr/share/code/resources/app/extensions/node_modules/typescript/lib/tsserver.js:125824:88
    at IOSession.Session.executeWithRequestId (/snap/vscode/74/usr/share/code/resources/app/extensions/node_modules/typescript/lib/tsserver.js:125815:28)
    at IOSession.Session.executeCommand (/snap/vscode/74/usr/share/code/resources/app/extensions/node_modules/typescript/lib/tsserver.js:125824:33)
    at IOSession.Session.onMessage (/snap/vscode/74/usr/share/code/resources/app/extensions/node_modules/typescript/lib/tsserver.js:125846:35)
    at Interface.<anonymous> (/snap/vscode/74/usr/share/code/resources/app/extensions/node_modules/typescript/lib/tsserver.js:127106:27)
    at emitOne (events.js:116:13)
    at Interface.emit (events.js:211:7)
    at Interface._onLine (readline.js:282:10)
    at Interface._normalWrite (readline.js:424:12)
    at Socket.ondata (readline.js:141:10)
    at emitOne (events.js:116:13)
    at Socket.emit (events.js:211:7)
    at addChunk (_stream_readable.js:263:12)
    at readableAddChunk (_stream_readable.js:250:11)
    at Socket.Readable.push (_stream_readable.js:208:10)
    at Pipe.onread (net.js:594:20)
[Error  - 12:17:25] 'getApplicableRefactors' request failed with error.
Error processing request. Debug Failure. Did not expect JsxSelfClosingElement to have an Identifier in its trivia
Error: Debug Failure. Did not expect JsxSelfClosingElement to have an Identifier in its trivia
    at addSyntheticNodes (/snap/vscode/74/usr/share/code/resources/app/extensions/node_modules/typescript/lib/tsserver.js:116455:30)
    at createChildren (/snap/vscode/74/usr/share/code/resources/app/extensions/node_modules/typescript/lib/tsserver.js:116444:9)
    at NodeObject.getChildren (/snap/vscode/74/usr/share/code/resources/app/extensions/node_modules/typescript/lib/tsserver.js:116388:56)
    at getTokenAtPositionWorker (/snap/vscode/74/usr/share/code/resources/app/extensions/node_modules/typescript/lib/tsserver.js:93114:43)
    at Object.getTokenAtPosition (/snap/vscode/74/usr/share/code/resources/app/extensions/node_modules/typescript/lib/tsserver.js:93106:16)
    at getInfo (/snap/vscode/74/usr/share/code/resources/app/extensions/node_modules/typescript/lib/tsserver.js:113564:28)
    at Object.getAvailableActions (/snap/vscode/74/usr/share/code/resources/app/extensions/node_modules/typescript/lib/tsserver.js:113548:28)
    at /snap/vscode/74/usr/share/code/resources/app/extensions/node_modules/typescript/lib/tsserver.js:108687:128
    at getIterator (/snap/vscode/74/usr/share/code/resources/app/extensions/node_modules/typescript/lib/tsserver.js:558:23)
    at Object.flatMapIterator (/snap/vscode/74/usr/share/code/resources/app/extensions/node_modules/typescript/lib/tsserver.js:541:27)
    at Object.getApplicableRefactors (/snap/vscode/74/usr/share/code/resources/app/extensions/node_modules/typescript/lib/tsserver.js:108686:36)
    at Object.getApplicableRefactors (/snap/vscode/74/usr/share/code/resources/app/extensions/node_modules/typescript/lib/tsserver.js:117985:32)
    at IOSession.Session.getApplicableRefactors (/snap/vscode/74/usr/share/code/resources/app/extensions/node_modules/typescript/lib/tsserver.js:125605:53)
    at Session.handlers.ts.createMapFromTemplate._a.(anonymous function) (/snap/vscode/74/usr/share/code/resources/app/extensions/node_modules/typescript/lib/tsserver.js:124479:61)
    at /snap/vscode/74/usr/share/code/resources/app/extensions/node_modules/typescript/lib/tsserver.js:125824:88
    at IOSession.Session.executeWithRequestId (/snap/vscode/74/usr/share/code/resources/app/extensions/node_modules/typescript/lib/tsserver.js:125815:28)
    at IOSession.Session.executeCommand (/snap/vscode/74/usr/share/code/resources/app/extensions/node_modules/typescript/lib/tsserver.js:125824:33)
    at IOSession.Session.onMessage (/snap/vscode/74/usr/share/code/resources/app/extensions/node_modules/typescript/lib/tsserver.js:125846:35)
    at Interface.<anonymous> (/snap/vscode/74/usr/share/code/resources/app/extensions/node_modules/typescript/lib/tsserver.js:127106:27)
    at emitOne (events.js:116:13)
    at Interface.emit (events.js:211:7)
    at Interface._onLine (readline.js:282:10)
    at Interface._normalWrite (readline.js:424:12)
    at Socket.ondata (readline.js:141:10)
    at emitOne (events.js:116:13)
    at Socket.emit (events.js:211:7)
    at addChunk (_stream_readable.js:263:12)
    at readableAddChunk (_stream_readable.js:250:11)
    at Socket.Readable.push (_stream_readable.js:208:10)
    at Pipe.onread (net.js:594:20)
[Error  - 12:17:25] 'getApplicableRefactors' request failed with error.
Error processing request. Debug Failure. Did not expect JsxSelfClosingElement to have an Identifier in its trivia
Error: Debug Failure. Did not expect JsxSelfClosingElement to have an Identifier in its trivia
    at addSyntheticNodes (/snap/vscode/74/usr/share/code/resources/app/extensions/node_modules/typescript/lib/tsserver.js:116455:30)
    at createChildren (/snap/vscode/74/usr/share/code/resources/app/extensions/node_modules/typescript/lib/tsserver.js:116444:9)
    at NodeObject.getChildren (/snap/vscode/74/usr/share/code/resources/app/extensions/node_modules/typescript/lib/tsserver.js:116388:56)
    at getTokenAtPositionWorker (/snap/vscode/74/usr/share/code/resources/app/extensions/node_modules/typescript/lib/tsserver.js:93114:43)
    at Object.getTokenAtPosition (/snap/vscode/74/usr/share/code/resources/app/extensions/node_modules/typescript/lib/tsserver.js:93106:16)
    at getInfo (/snap/vscode/74/usr/share/code/resources/app/extensions/node_modules/typescript/lib/tsserver.js:113564:28)
    at Object.getAvailableActions (/snap/vscode/74/usr/share/code/resources/app/extensions/node_modules/typescript/lib/tsserver.js:113548:28)
    at /snap/vscode/74/usr/share/code/resources/app/extensions/node_modules/typescript/lib/tsserver.js:108687:128
    at getIterator (/snap/vscode/74/usr/share/code/resources/app/extensions/node_modules/typescript/lib/tsserver.js:558:23)
    at Object.flatMapIterator (/snap/vscode/74/usr/share/code/resources/app/extensions/node_modules/typescript/lib/tsserver.js:541:27)
    at Object.getApplicableRefactors (/snap/vscode/74/usr/share/code/resources/app/extensions/node_modules/typescript/lib/tsserver.js:108686:36)
    at Object.getApplicableRefactors (/snap/vscode/74/usr/share/code/resources/app/extensions/node_modules/typescript/lib/tsserver.js:117985:32)
    at IOSession.Session.getApplicableRefactors (/snap/vscode/74/usr/share/code/resources/app/extensions/node_modules/typescript/lib/tsserver.js:125605:53)
    at Session.handlers.ts.createMapFromTemplate._a.(anonymous function) (/snap/vscode/74/usr/share/code/resources/app/extensions/node_modules/typescript/lib/tsserver.js:124479:61)
    at /snap/vscode/74/usr/share/code/resources/app/extensions/node_modules/typescript/lib/tsserver.js:125824:88
    at IOSession.Session.executeWithRequestId (/snap/vscode/74/usr/share/code/resources/app/extensions/node_modules/typescript/lib/tsserver.js:125815:28)
    at IOSession.Session.executeCommand (/snap/vscode/74/usr/share/code/resources/app/extensions/node_modules/typescript/lib/tsserver.js:125824:33)
    at IOSession.Session.onMessage (/snap/vscode/74/usr/share/code/resources/app/extensions/node_modules/typescript/lib/tsserver.js:125846:35)
    at Interface.<anonymous> (/snap/vscode/74/usr/share/code/resources/app/extensions/node_modules/typescript/lib/tsserver.js:127106:27)
    at emitOne (events.js:116:13)
    at Interface.emit (events.js:211:7)
    at Interface._onLine (readline.js:282:10)
    at Interface._normalWrite (readline.js:424:12)
    at Socket.ondata (readline.js:141:10)
    at emitOne (events.js:116:13)
    at Socket.emit (events.js:211:7)
    at addChunk (_stream_readable.js:263:12)
    at readableAddChunk (_stream_readable.js:250:11)
    at Socket.Readable.push (_stream_readable.js:208:10)
    at Pipe.onread (net.js:594:20)
[Error  - 17:54:12] 'getCodeFixes' request failed with error.
Error processing request. Cannot read property 'parent' of undefined
TypeError: Cannot read property 'parent' of undefined
    at Object.deleteDeclaration (/snap/vscode/74/usr/share/code/resources/app/extensions/node_modules/typescript/lib/tsserver.js:108462:56)
    at _loop_8 (/snap/vscode/74/usr/share/code/resources/app/extensions/node_modules/typescript/lib/tsserver.js:108081:47)
    at ChangeTracker.finishDeleteDeclarations (/snap/vscode/74/usr/share/code/resources/app/extensions/node_modules/typescript/lib/tsserver.js:108088:21)
    at ChangeTracker.getChanges (/snap/vscode/74/usr/share/code/resources/app/extensions/node_modules/typescript/lib/tsserver.js:108108:22)
    at Function.ChangeTracker.with (/snap/vscode/74/usr/share/code/resources/app/extensions/node_modules/typescript/lib/tsserver.js:107653:32)
    at Object.getCodeActions (/snap/vscode/74/usr/share/code/resources/app/extensions/node_modules/typescript/lib/tsserver.js:112257:68)
    at /snap/vscode/74/usr/share/code/resources/app/extensions/node_modules/typescript/lib/tsserver.js:108638:121
    at Object.flatMap (/snap/vscode/74/usr/share/code/resources/app/extensions/node_modules/typescript/lib/tsserver.js:504:25)
    at Object.getFixes (/snap/vscode/74/usr/share/code/resources/app/extensions/node_modules/typescript/lib/tsserver.js:108638:23)
    at /snap/vscode/74/usr/share/code/resources/app/extensions/node_modules/typescript/lib/tsserver.js:117737:35
    at Object.flatMap (/snap/vscode/74/usr/share/code/resources/app/extensions/node_modules/typescript/lib/tsserver.js:504:25)
    at Object.getCodeFixesAtPosition (/snap/vscode/74/usr/share/code/resources/app/extensions/node_modules/typescript/lib/tsserver.js:117735:23)
    at IOSession.Session.getCodeFixes (/snap/vscode/74/usr/share/code/resources/app/extensions/node_modules/typescript/lib/tsserver.js:125655:64)
    at Session.handlers.ts.createMapFromTemplate._a.(anonymous function) (/snap/vscode/74/usr/share/code/resources/app/extensions/node_modules/typescript/lib/tsserver.js:124461:61)
    at /snap/vscode/74/usr/share/code/resources/app/extensions/node_modules/typescript/lib/tsserver.js:125824:88
    at IOSession.Session.executeWithRequestId (/snap/vscode/74/usr/share/code/resources/app/extensions/node_modules/typescript/lib/tsserver.js:125815:28)
    at IOSession.Session.executeCommand (/snap/vscode/74/usr/share/code/resources/app/extensions/node_modules/typescript/lib/tsserver.js:125824:33)
    at IOSession.Session.onMessage (/snap/vscode/74/usr/share/code/resources/app/extensions/node_modules/typescript/lib/tsserver.js:125846:35)
    at Interface.<anonymous> (/snap/vscode/74/usr/share/code/resources/app/extensions/node_modules/typescript/lib/tsserver.js:127106:27)
    at emitOne (events.js:116:13)
    at Interface.emit (events.js:211:7)
    at Interface._onLine (readline.js:282:10)
    at Interface._normalWrite (readline.js:424:12)
    at Socket.ondata (readline.js:141:10)
    at emitOne (events.js:116:13)
    at Socket.emit (events.js:211:7)
    at addChunk (_stream_readable.js:263:12)
    at readableAddChunk (_stream_readable.js:250:11)
    at Socket.Readable.push (_stream_readable.js:208:10)
    at Pipe.onread (net.js:594:20)
[Error  - 17:59:29] 'getCodeFixes' request failed with error.
Error processing request. Cannot read property 'parent' of undefined
TypeError: Cannot read property 'parent' of undefined
    at Object.deleteDeclaration (/snap/vscode/74/usr/share/code/resources/app/extensions/node_modules/typescript/lib/tsserver.js:108462:56)
    at _loop_8 (/snap/vscode/74/usr/share/code/resources/app/extensions/node_modules/typescript/lib/tsserver.js:108081:47)
    at ChangeTracker.finishDeleteDeclarations (/snap/vscode/74/usr/share/code/resources/app/extensions/node_modules/typescript/lib/tsserver.js:108088:21)
    at ChangeTracker.getChanges (/snap/vscode/74/usr/share/code/resources/app/extensions/node_modules/typescript/lib/tsserver.js:108108:22)
    at Function.ChangeTracker.with (/snap/vscode/74/usr/share/code/resources/app/extensions/node_modules/typescript/lib/tsserver.js:107653:32)
    at Object.getCodeActions (/snap/vscode/74/usr/share/code/resources/app/extensions/node_modules/typescript/lib/tsserver.js:112257:68)
    at /snap/vscode/74/usr/share/code/resources/app/extensions/node_modules/typescript/lib/tsserver.js:108638:121
    at Object.flatMap (/snap/vscode/74/usr/share/code/resources/app/extensions/node_modules/typescript/lib/tsserver.js:504:25)
    at Object.getFixes (/snap/vscode/74/usr/share/code/resources/app/extensions/node_modules/typescript/lib/tsserver.js:108638:23)
    at /snap/vscode/74/usr/share/code/resources/app/extensions/node_modules/typescript/lib/tsserver.js:117737:35
    at Object.flatMap (/snap/vscode/74/usr/share/code/resources/app/extensions/node_modules/typescript/lib/tsserver.js:504:25)
    at Object.getCodeFixesAtPosition (/snap/vscode/74/usr/share/code/resources/app/extensions/node_modules/typescript/lib/tsserver.js:117735:23)
    at IOSession.Session.getCodeFixes (/snap/vscode/74/usr/share/code/resources/app/extensions/node_modules/typescript/lib/tsserver.js:125655:64)
    at Session.handlers.ts.createMapFromTemplate._a.(anonymous function) (/snap/vscode/74/usr/share/code/resources/app/extensions/node_modules/typescript/lib/tsserver.js:124461:61)
    at /snap/vscode/74/usr/share/code/resources/app/extensions/node_modules/typescript/lib/tsserver.js:125824:88
    at IOSession.Session.executeWithRequestId (/snap/vscode/74/usr/share/code/resources/app/extensions/node_modules/typescript/lib/tsserver.js:125815:28)
    at IOSession.Session.executeCommand (/snap/vscode/74/usr/share/code/resources/app/extensions/node_modules/typescript/lib/tsserver.js:125824:33)
    at IOSession.Session.onMessage (/snap/vscode/74/usr/share/code/resources/app/extensions/node_modules/typescript/lib/tsserver.js:125846:35)
    at Interface.<anonymous> (/snap/vscode/74/usr/share/code/resources/app/extensions/node_modules/typescript/lib/tsserver.js:127106:27)
    at emitOne (events.js:116:13)
    at Interface.emit (events.js:211:7)
    at Interface._onLine (readline.js:282:10)
    at Interface._normalWrite (readline.js:424:12)
    at Socket.ondata (readline.js:141:10)
    at emitOne (events.js:116:13)
    at Socket.emit (events.js:211:7)
    at addChunk (_stream_readable.js:263:12)
    at readableAddChunk (_stream_readable.js:250:11)
    at Socket.Readable.push (_stream_readable.js:208:10)
    at Pipe.onread (net.js:594:20)
